#
# A fatal error has been detected by the Java Runtime Environment:
#
#  EXCEPTION_ACCESS_VIOLATION (0xc0000005) at pc=0x000000007788d8f9, pid=14128, tid=16576
#
# JRE version: Java(TM) SE Runtime Environment (10.0+46) (build 10+46)
# Java VM: Java HotSpot(TM) 64-Bit Server VM (10+46, mixed mode, tiered, compressed oops, g1 gc, windows-amd64)
# Problematic frame:
# V  [jvm.dll+0x2fd8f9]
#
# No core dump will be written. Minidumps are not enabled by default on client versions of Windows
#
# If you would like to submit a bug report, please visit:
#   http://bugreport.java.com/bugreport/crash.jsp
#

---------------  S U M M A R Y ------------

Command Line: -javaagent:C:\Program Files\JetBrains\IntelliJ IDEA Community Edition 2018.1.2\lib\idea_rt.jar=7748:C:\Program Files\JetBrains\IntelliJ IDEA Community Edition 2018.1.2\bin -Dfile.encoding=UTF-8 sample.Main

Host: Intel(R) Core(TM) i5-4590 CPU @ 3.30GHz, 4 cores, 15G,  Windows 8.1 , 64 bit Build 9600 (6.3.9600.17415)
Time: Tue May 22 17:59:23 2018 Oeieyiaey (eaoi) elapsed time: 1 seconds (0d 0h 0m 1s)

---------------  T H R E A D  ---------------

Current thread (0x000000599c15e000):  GCTaskThread "GC Thread#2" [stack: 0x00000059b68d0000,0x00000059b69d0000] [id=16576]

Stack: [0x00000059b68d0000,0x00000059b69d0000],  sp=0x00000059b69cf540,  free space=1021k
Native frames: (J=compiled Java code, j=interpreted, Vv=VM code, C=native code)
V  [jvm.dll+0x2fd8f9]
V  [jvm.dll+0x2fe3f0]
V  [jvm.dll+0x2fe1a5]
V  [jvm.dll+0x629cfd]
V  [jvm.dll+0x2fecc3]
V  [jvm.dll+0x2c9566]
V  [jvm.dll+0x6dfa20]
V  [jvm.dll+0x59ef10]
C  [msvcr120.dll+0x24f7f]
C  [msvcr120.dll+0x25126]
C  [KERNEL32.DLL+0x13d2]
C  [ntdll.dll+0x154f4]


siginfo: EXCEPTION_ACCESS_VIOLATION (0xc0000005), reading address 0x000000699c23d8f5


Register to memory mapping:

RIP=0x000000007788d8f9 jvm.dll
RAX=0x000000599c236be0 is an unknown value
RBX=0x01000006d1555408 is an unknown value
RCX=0x0000000000000014 is an unknown value
RDX=0x00000059c9ae3d20 is an unknown value
RSP=0x00000059b69cf540 is an unknown value
RBP=0x000000000000ad40 is an unknown value
RSI=0x00000059c63cb0e0 is an unknown value
RDI=0x00000059c9ae3d20 is an unknown value
R8 =0x0000001000006d15 is an unknown value
R9 =0x000000599c14e250 is an unknown value
R10=0x00000007c0001850 is pointing into metadata
R11=0x00000059b777a17b is an unknown value
R12=0x0000000000000000 is an unknown value
R13=0x0000000000000000 is an unknown value
R14=0x000000000000ea6d is an unknown value
R15=0x000000599c15d4d0 is an unknown value


Registers:
RAX=0x000000599c236be0, RBX=0x01000006d1555408, RCX=0x0000000000000014, RDX=0x00000059c9ae3d20
RSP=0x00000059b69cf540, RBP=0x000000000000ad40, RSI=0x00000059c63cb0e0, RDI=0x00000059c9ae3d20
R8 =0x0000001000006d15, R9 =0x000000599c14e250, R10=0x00000007c0001850, R11=0x00000059b777a17b
R12=0x0000000000000000, R13=0x0000000000000000, R14=0x000000000000ea6d, R15=0x000000599c15d4d0
RIP=0x000000007788d8f9, EFLAGS=0x0000000000010202

Top of Stack: (sp=0x00000059b69cf540)
0x00000059b69cf540:   0000000000000102 0000000000000001
0x00000059b69cf550:   00000059b69cf500 00000006d0f66530
0x00000059b69cf560:   00000059c63cb180 000000007788e3f0
0x00000059b69cf570:   00000059c63cbd70 00000059c63cb188
0x00000059b69cf580:   000000599c15d4d0 0000000077872615
0x00000059b69cf590:   00000059c512bde8 000000007788e1a5
0x00000059b69cf5a0:   00000059c63cb180 00000059c63cb180
0x00000059b69cf5b0:   00000059c63cb180 000000007788f37d
0x00000059b69cf5c0:   3ff35391f4694c4f 0000000000000000
0x00000059b69cf5d0:   000000000000ad2c 0000000077bb9cfd
0x00000059b69cf5e0:   00000059c512bdd8 0000000000000008
0x00000059b69cf5f0:   000000599c155fa0 0000000000000001
0x00000059b69cf600:   000000599c155fa0 000000007788ecc3
0x00000059b69cf610:   00000059c08b0eb0 0000000000000001
0x00000059b69cf620:   00000059c413ed60 00000059c63c9010
0x00000059b69cf630:   3ff354fbc6004152 0000000000000003 

Instructions: (pc=0x000000007788d8f9)
0x000000007788d8d9:   85 db 0f 84 b4 00 00 00 4c 8b 49 08 4c 8b c3 41
0x000000007788d8e9:   8b 89 80 27 00 00 49 8b 81 70 27 00 00 49 d3 e8
0x000000007788d8f9:   41 0f b6 04 00 84 c0 7e 64 4c 8b 03 41 0f b6 c8
0x000000007788d909:   80 e1 03 80 f9 03 75 1e 80 3d 54 eb 63 00 00 74 



---------------  P R O C E S S  ---------------

Threads class SMR info:
_java_thread_list=0x00000059c63eac30, length=19, elements={
0x000000599a7ed000, 0x00000059c3cbf000, 0x00000059c3cc9800, 0x00000059c3d13800,
0x00000059c3d16000, 0x00000059c3d1c000, 0x00000059c3d1d000, 0x00000059c3d7b800,
0x00000059c3d8e000, 0x00000059c4b6f000, 0x00000059c4b70000, 0x00000059c4b71000,
0x00000059c4b6e800, 0x00000059c4b73000, 0x00000059c4b74000, 0x00000059c4b74800,
0x00000059c4b71800, 0x00000059c4b72800, 0x00000059c635b800
}

Java Threads: ( => current thread )
  0x000000599a7ed000 JavaThread "main" [_thread_blocked, id=8624, stack(0x000000599a8f0000,0x000000599a9f0000)]
  0x00000059c3cbf000 JavaThread "Reference Handler" daemon [_thread_blocked, id=6020, stack(0x00000059c4140000,0x00000059c4240000)]
  0x00000059c3cc9800 JavaThread "Finalizer" daemon [_thread_blocked, id=7044, stack(0x00000059c4240000,0x00000059c4340000)]
  0x00000059c3d13800 JavaThread "Signal Dispatcher" daemon [_thread_blocked, id=9672, stack(0x00000059c4430000,0x00000059c4530000)]
  0x00000059c3d16000 JavaThread "Attach Listener" daemon [_thread_blocked, id=13188, stack(0x00000059c4530000,0x00000059c4630000)]
  0x00000059c3d1c000 JavaThread "C2 CompilerThread0" daemon [_thread_blocked, id=15696, stack(0x00000059c4630000,0x00000059c4730000)]
  0x00000059c3d1d000 JavaThread "C2 CompilerThread1" daemon [_thread_blocked, id=10296, stack(0x00000059c4730000,0x00000059c4830000)]
  0x00000059c3d7b800 JavaThread "C1 CompilerThread2" daemon [_thread_blocked, id=16020, stack(0x00000059c4830000,0x00000059c4930000)]
  0x00000059c3d8e000 JavaThread "Sweeper thread" daemon [_thread_blocked, id=11368, stack(0x00000059c4930000,0x00000059c4a30000)]
  0x00000059c4b6f000 JavaThread "Common-Cleaner" daemon [_thread_blocked, id=11956, stack(0x00000059c5230000,0x00000059c5330000)]
  0x00000059c4b70000 JavaThread "Monitor Ctrl-Break" daemon [_thread_in_native, id=15472, stack(0x00000059c5340000,0x00000059c5440000)]
  0x00000059c4b71000 JavaThread "Service Thread" daemon [_thread_blocked, id=12508, stack(0x00000059c5440000,0x00000059c5540000)]
  0x00000059c4b6e800 JavaThread "QuantumRenderer-0" daemon [_thread_blocked, id=10880, stack(0x00000059c5730000,0x00000059c5830000)]
  0x00000059c4b73000 JavaThread "InvokeLaterDispatcher" daemon [_thread_blocked, id=6588, stack(0x00000059c6a40000,0x00000059c6b40000)]
  0x00000059c4b74000 JavaThread "JavaFX Application Thread" [_thread_blocked, id=13496, stack(0x00000059c6b40000,0x00000059c6c40000)]
  0x00000059c4b74800 JavaThread "Thread-1" daemon [_thread_blocked, id=14148, stack(0x00000059c84f0000,0x00000059c85f0000)]
  0x00000059c4b71800 JavaThread "JavaFX-Launcher" [_thread_blocked, id=7560, stack(0x00000059c89d0000,0x00000059c8ad0000)]
  0x00000059c4b72800 JavaThread "Java2D Disposer" daemon [_thread_blocked, id=14844, stack(0x00000059c8ed0000,0x00000059c8fd0000)]
  0x00000059c635b800 JavaThread "Prism Font Disposer" daemon [_thread_blocked, id=3088, stack(0x00000059c9260000,0x00000059c9360000)]

Other Threads:
  0x00000059c3cba800 VMThread "VM Thread" [stack: 0x00000059c4040000,0x00000059c4140000] [id=14120]
  0x00000059c4b34800 WatcherThread [stack: 0x00000059c5630000,0x00000059c5730000] [id=13604]
  0x000000599c158800 GCTaskThread "GC Thread#0" [stack: 0x00000059b66d0000,0x00000059b67d0000] [id=10416]
  0x000000599c15c000 GCTaskThread "GC Thread#1" [stack: 0x00000059b67d0000,0x00000059b68d0000] [id=7292]
=>0x000000599c15e000 GCTaskThread "GC Thread#2" [stack: 0x00000059b68d0000,0x00000059b69d0000] [id=16576]
  0x000000599c16c000 GCTaskThread "GC Thread#3" [stack: 0x00000059b69d0000,0x00000059b6ad0000] [id=14380]
  0x00000059c06f1800 ConcurrentGCThread "G1 Main Marker" [stack: 0x00000059c08f0000,0x00000059c09f0000] [id=16032]
  0x000000599c164800 ConcurrentGCThread "G1 Conc#0" [stack: 0x00000059c09f0000,0x00000059c0af0000] [id=10088]
  0x00000059c07eb800 ConcurrentGCThread "G1 Refine#0" [stack: 0x00000059c2f40000,0x00000059c3040000] [id=12480]
  0x00000059c07ec800 ConcurrentGCThread "G1 Refine#1" [stack: 0x00000059c3040000,0x00000059c3140000] [id=2080]
  0x00000059c07ed800 ConcurrentGCThread "G1 Refine#2" [stack: 0x00000059c3140000,0x00000059c3240000] [id=9592]
  0x00000059c07f8800 ConcurrentGCThread "G1 Refine#3" [stack: 0x00000059c3240000,0x00000059c3340000] [id=14524]
  0x00000059c07fb800 ConcurrentGCThread "G1 Young RemSet Sampling" [stack: 0x00000059c3340000,0x00000059c3440000] [id=14824]

Threads with active compile tasks:
C2 CompilerThread01413       4       jdk.internal.org.objectweb.asm.ClassWriter::newStringishItem (68 bytes)
C2 CompilerThread11411       4       java.lang.invoke.MethodType::makeImpl (108 bytes)

VM state:at safepoint (normal execution)

VM Mutex/Monitor currently owned by a thread:  ([mutex/lock_event])
[0x000000599a7eae00] Threads_lock - owner thread: 0x00000059c3cba800
[0x000000599a7ead70] Heap_lock - owner thread: 0x00000059c4b74000

Heap address: 0x00000006c2000000, size: 4064 MB, Compressed Oops mode: Zero based, Oop shift amount: 3
Narrow klass base: 0x0000000000000000, Narrow klass shift: 3
Compressed class space size: 1073741824 Address: 0x00000007c0000000

Heap:
 garbage-first heap   total 260096K, used 13330K [0x00000006c2000000, 0x00000007c0000000)
  region size 1024K, 11 young (11264K), 2 survivors (2048K)
 Metaspace       used 20558K, capacity 21174K, committed 21296K, reserved 1067008K
  class space    used 2586K, capacity 2857K, committed 2864K, reserved 1048576K
Heap Regions: E=young(eden), S=young(survivor), O=old, HS=humongous(starts), HC=humongous(continues), CS=collection set, F=free, A=archive, TS=gc time stamp, AC=allocation context, TAMS=top-at-mark-start (previous, next)
|   0|0x00000006c2000000, 0x00000006c2100000, 0x00000006c2100000|100%| O|  |TS  1|AC  0|TAMS 0x00000006c2000000, 0x00000006c2100000|
|   1|0x00000006c2100000, 0x00000006c2200000, 0x00000006c2200000|100%| O|  |TS  1|AC  0|TAMS 0x00000006c2100000, 0x00000006c2200000|
|   2|0x00000006c2200000, 0x00000006c2300000, 0x00000006c2300000|100%| O|  |TS  2|AC  0|TAMS 0x00000006c2200000, 0x00000006c2300000|
|   3|0x00000006c2300000, 0x00000006c23f2cf0, 0x00000006c2400000| 94%| O|  |TS  2|AC  0|TAMS 0x00000006c2300000, 0x00000006c2400000|
|   4|0x00000006c2400000, 0x00000006c2400000, 0x00000006c2500000|  0%| F|  |TS  0|AC  0|TAMS 0x00000006c2400000, 0x00000006c2400000|
|   5|0x00000006c2500000, 0x00000006c2500000, 0x00000006c2600000|  0%| F|  |TS  0|AC  0|TAMS 0x00000006c2500000, 0x00000006c2500000|
|   6|0x00000006c2600000, 0x00000006c2600000, 0x00000006c2700000|  0%| F|  |TS  0|AC  0|TAMS 0x00000006c2600000, 0x00000006c2600000|
|   7|0x00000006c2700000, 0x00000006c2700000, 0x00000006c2800000|  0%| F|  |TS  0|AC  0|TAMS 0x00000006c2700000, 0x00000006c2700000|
|   8|0x00000006c2800000, 0x00000006c2800000, 0x00000006c2900000|  0%| F|  |TS  0|AC  0|TAMS 0x00000006c2800000, 0x00000006c2800000|
|   9|0x00000006c2900000, 0x00000006c2900000, 0x00000006c2a00000|  0%| F|  |TS  0|AC  0|TAMS 0x00000006c2900000, 0x00000006c2900000|
|  10|0x00000006c2a00000, 0x00000006c2a00000, 0x00000006c2b00000|  0%| F|  |TS  0|AC  0|TAMS 0x00000006c2a00000, 0x00000006c2a00000|
|  11|0x00000006c2b00000, 0x00000006c2b00000, 0x00000006c2c00000|  0%| F|  |TS  0|AC  0|TAMS 0x00000006c2b00000, 0x00000006c2b00000|
|  12|0x00000006c2c00000, 0x00000006c2c00000, 0x00000006c2d00000|  0%| F|  |TS  0|AC  0|TAMS 0x00000006c2c00000, 0x00000006c2c00000|
|  13|0x00000006c2d00000, 0x00000006c2d00000, 0x00000006c2e00000|  0%| F|  |TS  0|AC  0|TAMS 0x00000006c2d00000, 0x00000006c2d00000|
|  14|0x00000006c2e00000, 0x00000006c2e00000, 0x00000006c2f00000|  0%| F|  |TS  0|AC  0|TAMS 0x00000006c2e00000, 0x00000006c2e00000|
|  15|0x00000006c2f00000, 0x00000006c2f00000, 0x00000006c3000000|  0%| F|  |TS  0|AC  0|TAMS 0x00000006c2f00000, 0x00000006c2f00000|
|  16|0x00000006c3000000, 0x00000006c3000000, 0x00000006c3100000|  0%| F|  |TS  0|AC  0|TAMS 0x00000006c3000000, 0x00000006c3000000|
|  17|0x00000006c3100000, 0x00000006c3100000, 0x00000006c3200000|  0%| F|  |TS  0|AC  0|TAMS 0x00000006c3100000, 0x00000006c3100000|
|  18|0x00000006c3200000, 0x00000006c3200000, 0x00000006c3300000|  0%| F|  |TS  0|AC  0|TAMS 0x00000006c3200000, 0x00000006c3200000|
|  19|0x00000006c3300000, 0x00000006c3300000, 0x00000006c3400000|  0%| F|  |TS  0|AC  0|TAMS 0x00000006c3300000, 0x00000006c3300000|
|  20|0x00000006c3400000, 0x00000006c3400000, 0x00000006c3500000|  0%| F|  |TS  0|AC  0|TAMS 0x00000006c3400000, 0x00000006c3400000|
|  21|0x00000006c3500000, 0x00000006c3500000, 0x00000006c3600000|  0%| F|  |TS  0|AC  0|TAMS 0x00000006c3500000, 0x00000006c3500000|
|  22|0x00000006c3600000, 0x00000006c3600000, 0x00000006c3700000|  0%| F|  |TS  0|AC  0|TAMS 0x00000006c3600000, 0x00000006c3600000|
|  23|0x00000006c3700000, 0x00000006c3700000, 0x00000006c3800000|  0%| F|  |TS  0|AC  0|TAMS 0x00000006c3700000, 0x00000006c3700000|
|  24|0x00000006c3800000, 0x00000006c3800000, 0x00000006c3900000|  0%| F|  |TS  0|AC  0|TAMS 0x00000006c3800000, 0x00000006c3800000|
|  25|0x00000006c3900000, 0x00000006c3900000, 0x00000006c3a00000|  0%| F|  |TS  0|AC  0|TAMS 0x00000006c3900000, 0x00000006c3900000|
|  26|0x00000006c3a00000, 0x00000006c3a00000, 0x00000006c3b00000|  0%| F|  |TS  0|AC  0|TAMS 0x00000006c3a00000, 0x00000006c3a00000|
|  27|0x00000006c3b00000, 0x00000006c3b00000, 0x00000006c3c00000|  0%| F|  |TS  0|AC  0|TAMS 0x00000006c3b00000, 0x00000006c3b00000|
|  28|0x00000006c3c00000, 0x00000006c3c00000, 0x00000006c3d00000|  0%| F|  |TS  0|AC  0|TAMS 0x00000006c3c00000, 0x00000006c3c00000|
|  29|0x00000006c3d00000, 0x00000006c3d00000, 0x00000006c3e00000|  0%| F|  |TS  0|AC  0|TAMS 0x00000006c3d00000, 0x00000006c3d00000|
|  30|0x00000006c3e00000, 0x00000006c3e00000, 0x00000006c3f00000|  0%| F|  |TS  0|AC  0|TAMS 0x00000006c3e00000, 0x00000006c3e00000|
|  31|0x00000006c3f00000, 0x00000006c3f00000, 0x00000006c4000000|  0%| F|  |TS  0|AC  0|TAMS 0x00000006c3f00000, 0x00000006c3f00000|
|  32|0x00000006c4000000, 0x00000006c4000000, 0x00000006c4100000|  0%| F|  |TS  0|AC  0|TAMS 0x00000006c4000000, 0x00000006c4000000|
|  33|0x00000006c4100000, 0x00000006c4100000, 0x00000006c4200000|  0%| F|  |TS  0|AC  0|TAMS 0x00000006c4100000, 0x00000006c4100000|
|  34|0x00000006c4200000, 0x00000006c4200000, 0x00000006c4300000|  0%| F|  |TS  0|AC  0|TAMS 0x00000006c4200000, 0x00000006c4200000|
|  35|0x00000006c4300000, 0x00000006c4300000, 0x00000006c4400000|  0%| F|  |TS  0|AC  0|TAMS 0x00000006c4300000, 0x00000006c4300000|
|  36|0x00000006c4400000, 0x00000006c4400000, 0x00000006c4500000|  0%| F|  |TS  0|AC  0|TAMS 0x00000006c4400000, 0x00000006c4400000|
|  37|0x00000006c4500000, 0x00000006c4500000, 0x00000006c4600000|  0%| F|  |TS  0|AC  0|TAMS 0x00000006c4500000, 0x00000006c4500000|
|  38|0x00000006c4600000, 0x00000006c4600000, 0x00000006c4700000|  0%| F|  |TS  0|AC  0|TAMS 0x00000006c4600000, 0x00000006c4600000|
|  39|0x00000006c4700000, 0x00000006c4700000, 0x00000006c4800000|  0%| F|  |TS  0|AC  0|TAMS 0x00000006c4700000, 0x00000006c4700000|
|  40|0x00000006c4800000, 0x00000006c4800000, 0x00000006c4900000|  0%| F|  |TS  0|AC  0|TAMS 0x00000006c4800000, 0x00000006c4800000|
|  41|0x00000006c4900000, 0x00000006c4900000, 0x00000006c4a00000|  0%| F|  |TS  0|AC  0|TAMS 0x00000006c4900000, 0x00000006c4900000|
|  42|0x00000006c4a00000, 0x00000006c4a00000, 0x00000006c4b00000|  0%| F|  |TS  0|AC  0|TAMS 0x00000006c4a00000, 0x00000006c4a00000|
|  43|0x00000006c4b00000, 0x00000006c4b00000, 0x00000006c4c00000|  0%| F|  |TS  0|AC  0|TAMS 0x00000006c4b00000, 0x00000006c4b00000|
|  44|0x00000006c4c00000, 0x00000006c4c00000, 0x00000006c4d00000|  0%| F|  |TS  0|AC  0|TAMS 0x00000006c4c00000, 0x00000006c4c00000|
|  45|0x00000006c4d00000, 0x00000006c4d00000, 0x00000006c4e00000|  0%| F|  |TS  0|AC  0|TAMS 0x00000006c4d00000, 0x00000006c4d00000|
|  46|0x00000006c4e00000, 0x00000006c4e00000, 0x00000006c4f00000|  0%| F|  |TS  0|AC  0|TAMS 0x00000006c4e00000, 0x00000006c4e00000|
|  47|0x00000006c4f00000, 0x00000006c4f00000, 0x00000006c5000000|  0%| F|  |TS  0|AC  0|TAMS 0x00000006c4f00000, 0x00000006c4f00000|
|  48|0x00000006c5000000, 0x00000006c5000000, 0x00000006c5100000|  0%| F|  |TS  0|AC  0|TAMS 0x00000006c5000000, 0x00000006c5000000|
|  49|0x00000006c5100000, 0x00000006c5100000, 0x00000006c5200000|  0%| F|  |TS  0|AC  0|TAMS 0x00000006c5100000, 0x00000006c5100000|
|  50|0x00000006c5200000, 0x00000006c5200000, 0x00000006c5300000|  0%| F|  |TS  0|AC  0|TAMS 0x00000006c5200000, 0x00000006c5200000|
|  51|0x00000006c5300000, 0x00000006c5300000, 0x00000006c5400000|  0%| F|  |TS  0|AC  0|TAMS 0x00000006c5300000, 0x00000006c5300000|
|  52|0x00000006c5400000, 0x00000006c5400000, 0x00000006c5500000|  0%| F|  |TS  0|AC  0|TAMS 0x00000006c5400000, 0x00000006c5400000|
|  53|0x00000006c5500000, 0x00000006c5500000, 0x00000006c5600000|  0%| F|  |TS  0|AC  0|TAMS 0x00000006c5500000, 0x00000006c5500000|
|  54|0x00000006c5600000, 0x00000006c5600000, 0x00000006c5700000|  0%| F|  |TS  0|AC  0|TAMS 0x00000006c5600000, 0x00000006c5600000|
|  55|0x00000006c5700000, 0x00000006c5700000, 0x00000006c5800000|  0%| F|  |TS  0|AC  0|TAMS 0x00000006c5700000, 0x00000006c5700000|
|  56|0x00000006c5800000, 0x00000006c5800000, 0x00000006c5900000|  0%| F|  |TS  0|AC  0|TAMS 0x00000006c5800000, 0x00000006c5800000|
|  57|0x00000006c5900000, 0x00000006c5900000, 0x00000006c5a00000|  0%| F|  |TS  0|AC  0|TAMS 0x00000006c5900000, 0x00000006c5900000|
|  58|0x00000006c5a00000, 0x00000006c5a00000, 0x00000006c5b00000|  0%| F|  |TS  0|AC  0|TAMS 0x00000006c5a00000, 0x00000006c5a00000|
|  59|0x00000006c5b00000, 0x00000006c5b00000, 0x00000006c5c00000|  0%| F|  |TS  0|AC  0|TAMS 0x00000006c5b00000, 0x00000006c5b00000|
|  60|0x00000006c5c00000, 0x00000006c5c00000, 0x00000006c5d00000|  0%| F|  |TS  0|AC  0|TAMS 0x00000006c5c00000, 0x00000006c5c00000|
|  61|0x00000006c5d00000, 0x00000006c5d00000, 0x00000006c5e00000|  0%| F|  |TS  0|AC  0|TAMS 0x00000006c5d00000, 0x00000006c5d00000|
|  62|0x00000006c5e00000, 0x00000006c5e00000, 0x00000006c5f00000|  0%| F|  |TS  0|AC  0|TAMS 0x00000006c5e00000, 0x00000006c5e00000|
|  63|0x00000006c5f00000, 0x00000006c5f00000, 0x00000006c6000000|  0%| F|  |TS  0|AC  0|TAMS 0x00000006c5f00000, 0x00000006c5f00000|
|  64|0x00000006c6000000, 0x00000006c6000000, 0x00000006c6100000|  0%| F|  |TS  0|AC  0|TAMS 0x00000006c6000000, 0x00000006c6000000|
|  65|0x00000006c6100000, 0x00000006c6100000, 0x00000006c6200000|  0%| F|  |TS  0|AC  0|TAMS 0x00000006c6100000, 0x00000006c6100000|
|  66|0x00000006c6200000, 0x00000006c6200000, 0x00000006c6300000|  0%| F|  |TS  0|AC  0|TAMS 0x00000006c6200000, 0x00000006c6200000|
|  67|0x00000006c6300000, 0x00000006c6300000, 0x00000006c6400000|  0%| F|  |TS  0|AC  0|TAMS 0x00000006c6300000, 0x00000006c6300000|
|  68|0x00000006c6400000, 0x00000006c6400000, 0x00000006c6500000|  0%| F|  |TS  0|AC  0|TAMS 0x00000006c6400000, 0x00000006c6400000|
|  69|0x00000006c6500000, 0x00000006c6500000, 0x00000006c6600000|  0%| F|  |TS  0|AC  0|TAMS 0x00000006c6500000, 0x00000006c6500000|
|  70|0x00000006c6600000, 0x00000006c6600000, 0x00000006c6700000|  0%| F|  |TS  0|AC  0|TAMS 0x00000006c6600000, 0x00000006c6600000|
|  71|0x00000006c6700000, 0x00000006c6700000, 0x00000006c6800000|  0%| F|  |TS  0|AC  0|TAMS 0x00000006c6700000, 0x00000006c6700000|
|  72|0x00000006c6800000, 0x00000006c6800000, 0x00000006c6900000|  0%| F|  |TS  0|AC  0|TAMS 0x00000006c6800000, 0x00000006c6800000|
|  73|0x00000006c6900000, 0x00000006c6900000, 0x00000006c6a00000|  0%| F|  |TS  0|AC  0|TAMS 0x00000006c6900000, 0x00000006c6900000|
|  74|0x00000006c6a00000, 0x00000006c6a00000, 0x00000006c6b00000|  0%| F|  |TS  0|AC  0|TAMS 0x00000006c6a00000, 0x00000006c6a00000|
|  75|0x00000006c6b00000, 0x00000006c6b00000, 0x00000006c6c00000|  0%| F|  |TS  0|AC  0|TAMS 0x00000006c6b00000, 0x00000006c6b00000|
|  76|0x00000006c6c00000, 0x00000006c6c00000, 0x00000006c6d00000|  0%| F|  |TS  0|AC  0|TAMS 0x00000006c6c00000, 0x00000006c6c00000|
|  77|0x00000006c6d00000, 0x00000006c6d00000, 0x00000006c6e00000|  0%| F|  |TS  0|AC  0|TAMS 0x00000006c6d00000, 0x00000006c6d00000|
|  78|0x00000006c6e00000, 0x00000006c6e00000, 0x00000006c6f00000|  0%| F|  |TS  0|AC  0|TAMS 0x00000006c6e00000, 0x00000006c6e00000|
|  79|0x00000006c6f00000, 0x00000006c6f00000, 0x00000006c7000000|  0%| F|  |TS  0|AC  0|TAMS 0x00000006c6f00000, 0x00000006c6f00000|
|  80|0x00000006c7000000, 0x00000006c7000000, 0x00000006c7100000|  0%| F|  |TS  0|AC  0|TAMS 0x00000006c7000000, 0x00000006c7000000|
|  81|0x00000006c7100000, 0x00000006c7100000, 0x00000006c7200000|  0%| F|  |TS  0|AC  0|TAMS 0x00000006c7100000, 0x00000006c7100000|
|  82|0x00000006c7200000, 0x00000006c7200000, 0x00000006c7300000|  0%| F|  |TS  0|AC  0|TAMS 0x00000006c7200000, 0x00000006c7200000|
|  83|0x00000006c7300000, 0x00000006c7300000, 0x00000006c7400000|  0%| F|  |TS  0|AC  0|TAMS 0x00000006c7300000, 0x00000006c7300000|
|  84|0x00000006c7400000, 0x00000006c7400000, 0x00000006c7500000|  0%| F|  |TS  0|AC  0|TAMS 0x00000006c7400000, 0x00000006c7400000|
|  85|0x00000006c7500000, 0x00000006c7500000, 0x00000006c7600000|  0%| F|  |TS  0|AC  0|TAMS 0x00000006c7500000, 0x00000006c7500000|
|  86|0x00000006c7600000, 0x00000006c7600000, 0x00000006c7700000|  0%| F|  |TS  0|AC  0|TAMS 0x00000006c7600000, 0x00000006c7600000|
|  87|0x00000006c7700000, 0x00000006c7700000, 0x00000006c7800000|  0%| F|  |TS  0|AC  0|TAMS 0x00000006c7700000, 0x00000006c7700000|
|  88|0x00000006c7800000, 0x00000006c7800000, 0x00000006c7900000|  0%| F|  |TS  0|AC  0|TAMS 0x00000006c7800000, 0x00000006c7800000|
|  89|0x00000006c7900000, 0x00000006c7900000, 0x00000006c7a00000|  0%| F|  |TS  0|AC  0|TAMS 0x00000006c7900000, 0x00000006c7900000|
|  90|0x00000006c7a00000, 0x00000006c7a00000, 0x00000006c7b00000|  0%| F|  |TS  0|AC  0|TAMS 0x00000006c7a00000, 0x00000006c7a00000|
|  91|0x00000006c7b00000, 0x00000006c7b00000, 0x00000006c7c00000|  0%| F|  |TS  0|AC  0|TAMS 0x00000006c7b00000, 0x00000006c7b00000|
|  92|0x00000006c7c00000, 0x00000006c7c00000, 0x00000006c7d00000|  0%| F|  |TS  0|AC  0|TAMS 0x00000006c7c00000, 0x00000006c7c00000|
|  93|0x00000006c7d00000, 0x00000006c7d00000, 0x00000006c7e00000|  0%| F|  |TS  0|AC  0|TAMS 0x00000006c7d00000, 0x00000006c7d00000|
|  94|0x00000006c7e00000, 0x00000006c7e00000, 0x00000006c7f00000|  0%| F|  |TS  0|AC  0|TAMS 0x00000006c7e00000, 0x00000006c7e00000|
|  95|0x00000006c7f00000, 0x00000006c7f00000, 0x00000006c8000000|  0%| F|  |TS  0|AC  0|TAMS 0x00000006c7f00000, 0x00000006c7f00000|
|  96|0x00000006c8000000, 0x00000006c8000000, 0x00000006c8100000|  0%| F|  |TS  0|AC  0|TAMS 0x00000006c8000000, 0x00000006c8000000|
|  97|0x00000006c8100000, 0x00000006c8100000, 0x00000006c8200000|  0%| F|  |TS  0|AC  0|TAMS 0x00000006c8100000, 0x00000006c8100000|
|  98|0x00000006c8200000, 0x00000006c8200000, 0x00000006c8300000|  0%| F|  |TS  0|AC  0|TAMS 0x00000006c8200000, 0x00000006c8200000|
|  99|0x00000006c8300000, 0x00000006c8300000, 0x00000006c8400000|  0%| F|  |TS  0|AC  0|TAMS 0x00000006c8300000, 0x00000006c8300000|
| 100|0x00000006c8400000, 0x00000006c8400000, 0x00000006c8500000|  0%| F|  |TS  0|AC  0|TAMS 0x00000006c8400000, 0x00000006c8400000|
| 101|0x00000006c8500000, 0x00000006c8500000, 0x00000006c8600000|  0%| F|  |TS  0|AC  0|TAMS 0x00000006c8500000, 0x00000006c8500000|
| 102|0x00000006c8600000, 0x00000006c8600000, 0x00000006c8700000|  0%| F|  |TS  0|AC  0|TAMS 0x00000006c8600000, 0x00000006c8600000|
| 103|0x00000006c8700000, 0x00000006c8700000, 0x00000006c8800000|  0%| F|  |TS  0|AC  0|TAMS 0x00000006c8700000, 0x00000006c8700000|
| 104|0x00000006c8800000, 0x00000006c8800000, 0x00000006c8900000|  0%| F|  |TS  0|AC  0|TAMS 0x00000006c8800000, 0x00000006c8800000|
| 105|0x00000006c8900000, 0x00000006c8900000, 0x00000006c8a00000|  0%| F|  |TS  0|AC  0|TAMS 0x00000006c8900000, 0x00000006c8900000|
| 106|0x00000006c8a00000, 0x00000006c8a00000, 0x00000006c8b00000|  0%| F|  |TS  0|AC  0|TAMS 0x00000006c8a00000, 0x00000006c8a00000|
| 107|0x00000006c8b00000, 0x00000006c8b00000, 0x00000006c8c00000|  0%| F|  |TS  0|AC  0|TAMS 0x00000006c8b00000, 0x00000006c8b00000|
| 108|0x00000006c8c00000, 0x00000006c8c00000, 0x00000006c8d00000|  0%| F|  |TS  0|AC  0|TAMS 0x00000006c8c00000, 0x00000006c8c00000|
| 109|0x00000006c8d00000, 0x00000006c8d00000, 0x00000006c8e00000|  0%| F|  |TS  0|AC  0|TAMS 0x00000006c8d00000, 0x00000006c8d00000|
| 110|0x00000006c8e00000, 0x00000006c8e00000, 0x00000006c8f00000|  0%| F|  |TS  0|AC  0|TAMS 0x00000006c8e00000, 0x00000006c8e00000|
| 111|0x00000006c8f00000, 0x00000006c8f00000, 0x00000006c9000000|  0%| F|  |TS  0|AC  0|TAMS 0x00000006c8f00000, 0x00000006c8f00000|
| 112|0x00000006c9000000, 0x00000006c9000000, 0x00000006c9100000|  0%| F|  |TS  0|AC  0|TAMS 0x00000006c9000000, 0x00000006c9000000|
| 113|0x00000006c9100000, 0x00000006c9100000, 0x00000006c9200000|  0%| F|  |TS  0|AC  0|TAMS 0x00000006c9100000, 0x00000006c9100000|
| 114|0x00000006c9200000, 0x00000006c9200000, 0x00000006c9300000|  0%| F|  |TS  0|AC  0|TAMS 0x00000006c9200000, 0x00000006c9200000|
| 115|0x00000006c9300000, 0x00000006c9300000, 0x00000006c9400000|  0%| F|  |TS  0|AC  0|TAMS 0x00000006c9300000, 0x00000006c9300000|
| 116|0x00000006c9400000, 0x00000006c9400000, 0x00000006c9500000|  0%| F|  |TS  0|AC  0|TAMS 0x00000006c9400000, 0x00000006c9400000|
| 117|0x00000006c9500000, 0x00000006c9500000, 0x00000006c9600000|  0%| F|  |TS  0|AC  0|TAMS 0x00000006c9500000, 0x00000006c9500000|
| 118|0x00000006c9600000, 0x00000006c9600000, 0x00000006c9700000|  0%| F|  |TS  0|AC  0|TAMS 0x00000006c9600000, 0x00000006c9600000|
| 119|0x00000006c9700000, 0x00000006c9700000, 0x00000006c9800000|  0%| F|  |TS  0|AC  0|TAMS 0x00000006c9700000, 0x00000006c9700000|
| 120|0x00000006c9800000, 0x00000006c9800000, 0x00000006c9900000|  0%| F|  |TS  0|AC  0|TAMS 0x00000006c9800000, 0x00000006c9800000|
| 121|0x00000006c9900000, 0x00000006c9900000, 0x00000006c9a00000|  0%| F|  |TS  0|AC  0|TAMS 0x00000006c9900000, 0x00000006c9900000|
| 122|0x00000006c9a00000, 0x00000006c9a00000, 0x00000006c9b00000|  0%| F|  |TS  0|AC  0|TAMS 0x00000006c9a00000, 0x00000006c9a00000|
| 123|0x00000006c9b00000, 0x00000006c9b00000, 0x00000006c9c00000|  0%| F|  |TS  0|AC  0|TAMS 0x00000006c9b00000, 0x00000006c9b00000|
| 124|0x00000006c9c00000, 0x00000006c9c00000, 0x00000006c9d00000|  0%| F|  |TS  0|AC  0|TAMS 0x00000006c9c00000, 0x00000006c9c00000|
| 125|0x00000006c9d00000, 0x00000006c9d00000, 0x00000006c9e00000|  0%| F|  |TS  0|AC  0|TAMS 0x00000006c9d00000, 0x00000006c9d00000|
| 126|0x00000006c9e00000, 0x00000006c9e00000, 0x00000006c9f00000|  0%| F|  |TS  0|AC  0|TAMS 0x00000006c9e00000, 0x00000006c9e00000|
| 127|0x00000006c9f00000, 0x00000006c9f00000, 0x00000006ca000000|  0%| F|  |TS  0|AC  0|TAMS 0x00000006c9f00000, 0x00000006c9f00000|
| 128|0x00000006ca000000, 0x00000006ca000000, 0x00000006ca100000|  0%| F|  |TS  0|AC  0|TAMS 0x00000006ca000000, 0x00000006ca000000|
| 129|0x00000006ca100000, 0x00000006ca100000, 0x00000006ca200000|  0%| F|  |TS  0|AC  0|TAMS 0x00000006ca100000, 0x00000006ca100000|
| 130|0x00000006ca200000, 0x00000006ca200000, 0x00000006ca300000|  0%| F|  |TS  0|AC  0|TAMS 0x00000006ca200000, 0x00000006ca200000|
| 131|0x00000006ca300000, 0x00000006ca300000, 0x00000006ca400000|  0%| F|  |TS  0|AC  0|TAMS 0x00000006ca300000, 0x00000006ca300000|
| 132|0x00000006ca400000, 0x00000006ca400000, 0x00000006ca500000|  0%| F|  |TS  0|AC  0|TAMS 0x00000006ca400000, 0x00000006ca400000|
| 133|0x00000006ca500000, 0x00000006ca500000, 0x00000006ca600000|  0%| F|  |TS  0|AC  0|TAMS 0x00000006ca500000, 0x00000006ca500000|
| 134|0x00000006ca600000, 0x00000006ca600000, 0x00000006ca700000|  0%| F|  |TS  0|AC  0|TAMS 0x00000006ca600000, 0x00000006ca600000|
| 135|0x00000006ca700000, 0x00000006ca700000, 0x00000006ca800000|  0%| F|  |TS  0|AC  0|TAMS 0x00000006ca700000, 0x00000006ca700000|
| 136|0x00000006ca800000, 0x00000006ca800000, 0x00000006ca900000|  0%| F|  |TS  0|AC  0|TAMS 0x00000006ca800000, 0x00000006ca800000|
| 137|0x00000006ca900000, 0x00000006ca900000, 0x00000006caa00000|  0%| F|  |TS  0|AC  0|TAMS 0x00000006ca900000, 0x00000006ca900000|
| 138|0x00000006caa00000, 0x00000006caa00000, 0x00000006cab00000|  0%| F|  |TS  0|AC  0|TAMS 0x00000006caa00000, 0x00000006caa00000|
| 139|0x00000006cab00000, 0x00000006cab00000, 0x00000006cac00000|  0%| F|  |TS  0|AC  0|TAMS 0x00000006cab00000, 0x00000006cab00000|
| 140|0x00000006cac00000, 0x00000006cac00000, 0x00000006cad00000|  0%| F|  |TS  0|AC  0|TAMS 0x00000006cac00000, 0x00000006cac00000|
| 141|0x00000006cad00000, 0x00000006cad00000, 0x00000006cae00000|  0%| F|  |TS  0|AC  0|TAMS 0x00000006cad00000, 0x00000006cad00000|
| 142|0x00000006cae00000, 0x00000006cae00000, 0x00000006caf00000|  0%| F|  |TS  0|AC  0|TAMS 0x00000006cae00000, 0x00000006cae00000|
| 143|0x00000006caf00000, 0x00000006caf00000, 0x00000006cb000000|  0%| F|  |TS  0|AC  0|TAMS 0x00000006caf00000, 0x00000006caf00000|
| 144|0x00000006cb000000, 0x00000006cb000000, 0x00000006cb100000|  0%| F|  |TS  0|AC  0|TAMS 0x00000006cb000000, 0x00000006cb000000|
| 145|0x00000006cb100000, 0x00000006cb100000, 0x00000006cb200000|  0%| F|  |TS  0|AC  0|TAMS 0x00000006cb100000, 0x00000006cb100000|
| 146|0x00000006cb200000, 0x00000006cb200000, 0x00000006cb300000|  0%| F|  |TS  0|AC  0|TAMS 0x00000006cb200000, 0x00000006cb200000|
| 147|0x00000006cb300000, 0x00000006cb300000, 0x00000006cb400000|  0%| F|  |TS  0|AC  0|TAMS 0x00000006cb300000, 0x00000006cb300000|
| 148|0x00000006cb400000, 0x00000006cb400000, 0x00000006cb500000|  0%| F|  |TS  0|AC  0|TAMS 0x00000006cb400000, 0x00000006cb400000|
| 149|0x00000006cb500000, 0x00000006cb500000, 0x00000006cb600000|  0%| F|  |TS  0|AC  0|TAMS 0x00000006cb500000, 0x00000006cb500000|
| 150|0x00000006cb600000, 0x00000006cb600000, 0x00000006cb700000|  0%| F|  |TS  0|AC  0|TAMS 0x00000006cb600000, 0x00000006cb600000|
| 151|0x00000006cb700000, 0x00000006cb700000, 0x00000006cb800000|  0%| F|  |TS  0|AC  0|TAMS 0x00000006cb700000, 0x00000006cb700000|
| 152|0x00000006cb800000, 0x00000006cb800000, 0x00000006cb900000|  0%| F|  |TS  0|AC  0|TAMS 0x00000006cb800000, 0x00000006cb800000|
| 153|0x00000006cb900000, 0x00000006cb900000, 0x00000006cba00000|  0%| F|  |TS  0|AC  0|TAMS 0x00000006cb900000, 0x00000006cb900000|
| 154|0x00000006cba00000, 0x00000006cba00000, 0x00000006cbb00000|  0%| F|  |TS  0|AC  0|TAMS 0x00000006cba00000, 0x00000006cba00000|
| 155|0x00000006cbb00000, 0x00000006cbb00000, 0x00000006cbc00000|  0%| F|  |TS  0|AC  0|TAMS 0x00000006cbb00000, 0x00000006cbb00000|
| 156|0x00000006cbc00000, 0x00000006cbc00000, 0x00000006cbd00000|  0%| F|  |TS  0|AC  0|TAMS 0x00000006cbc00000, 0x00000006cbc00000|
| 157|0x00000006cbd00000, 0x00000006cbd00000, 0x00000006cbe00000|  0%| F|  |TS  0|AC  0|TAMS 0x00000006cbd00000, 0x00000006cbd00000|
| 158|0x00000006cbe00000, 0x00000006cbe00000, 0x00000006cbf00000|  0%| F|  |TS  0|AC  0|TAMS 0x00000006cbe00000, 0x00000006cbe00000|
| 159|0x00000006cbf00000, 0x00000006cbf00000, 0x00000006cc000000|  0%| F|  |TS  0|AC  0|TAMS 0x00000006cbf00000, 0x00000006cbf00000|
| 160|0x00000006cc000000, 0x00000006cc000000, 0x00000006cc100000|  0%| F|  |TS  0|AC  0|TAMS 0x00000006cc000000, 0x00000006cc000000|
| 161|0x00000006cc100000, 0x00000006cc100000, 0x00000006cc200000|  0%| F|  |TS  0|AC  0|TAMS 0x00000006cc100000, 0x00000006cc100000|
| 162|0x00000006cc200000, 0x00000006cc200000, 0x00000006cc300000|  0%| F|  |TS  0|AC  0|TAMS 0x00000006cc200000, 0x00000006cc200000|
| 163|0x00000006cc300000, 0x00000006cc300000, 0x00000006cc400000|  0%| F|  |TS  0|AC  0|TAMS 0x00000006cc300000, 0x00000006cc300000|
| 164|0x00000006cc400000, 0x00000006cc400000, 0x00000006cc500000|  0%| F|  |TS  0|AC  0|TAMS 0x00000006cc400000, 0x00000006cc400000|
| 165|0x00000006cc500000, 0x00000006cc500000, 0x00000006cc600000|  0%| F|  |TS  0|AC  0|TAMS 0x00000006cc500000, 0x00000006cc500000|
| 166|0x00000006cc600000, 0x00000006cc600000, 0x00000006cc700000|  0%| F|  |TS  0|AC  0|TAMS 0x00000006cc600000, 0x00000006cc600000|
| 167|0x00000006cc700000, 0x00000006cc700000, 0x00000006cc800000|  0%| F|  |TS  0|AC  0|TAMS 0x00000006cc700000, 0x00000006cc700000|
| 168|0x00000006cc800000, 0x00000006cc800000, 0x00000006cc900000|  0%| F|  |TS  0|AC  0|TAMS 0x00000006cc800000, 0x00000006cc800000|
| 169|0x00000006cc900000, 0x00000006cc900000, 0x00000006cca00000|  0%| F|  |TS  0|AC  0|TAMS 0x00000006cc900000, 0x00000006cc900000|
| 170|0x00000006cca00000, 0x00000006cca00000, 0x00000006ccb00000|  0%| F|  |TS  0|AC  0|TAMS 0x00000006cca00000, 0x00000006cca00000|
| 171|0x00000006ccb00000, 0x00000006ccb00000, 0x00000006ccc00000|  0%| F|  |TS  0|AC  0|TAMS 0x00000006ccb00000, 0x00000006ccb00000|
| 172|0x00000006ccc00000, 0x00000006ccc00000, 0x00000006ccd00000|  0%| F|  |TS  0|AC  0|TAMS 0x00000006ccc00000, 0x00000006ccc00000|
| 173|0x00000006ccd00000, 0x00000006ccd00000, 0x00000006cce00000|  0%| F|  |TS  0|AC  0|TAMS 0x00000006ccd00000, 0x00000006ccd00000|
| 174|0x00000006cce00000, 0x00000006cce00000, 0x00000006ccf00000|  0%| F|  |TS  0|AC  0|TAMS 0x00000006cce00000, 0x00000006cce00000|
| 175|0x00000006ccf00000, 0x00000006ccf00000, 0x00000006cd000000|  0%| F|  |TS  0|AC  0|TAMS 0x00000006ccf00000, 0x00000006ccf00000|
| 176|0x00000006cd000000, 0x00000006cd000000, 0x00000006cd100000|  0%| F|  |TS  0|AC  0|TAMS 0x00000006cd000000, 0x00000006cd000000|
| 177|0x00000006cd100000, 0x00000006cd100000, 0x00000006cd200000|  0%| F|  |TS  0|AC  0|TAMS 0x00000006cd100000, 0x00000006cd100000|
| 178|0x00000006cd200000, 0x00000006cd200000, 0x00000006cd300000|  0%| F|  |TS  0|AC  0|TAMS 0x00000006cd200000, 0x00000006cd200000|
| 179|0x00000006cd300000, 0x00000006cd300000, 0x00000006cd400000|  0%| F|  |TS  0|AC  0|TAMS 0x00000006cd300000, 0x00000006cd300000|
| 180|0x00000006cd400000, 0x00000006cd400000, 0x00000006cd500000|  0%| F|  |TS  0|AC  0|TAMS 0x00000006cd400000, 0x00000006cd400000|
| 181|0x00000006cd500000, 0x00000006cd500000, 0x00000006cd600000|  0%| F|  |TS  0|AC  0|TAMS 0x00000006cd500000, 0x00000006cd500000|
| 182|0x00000006cd600000, 0x00000006cd600000, 0x00000006cd700000|  0%| F|  |TS  0|AC  0|TAMS 0x00000006cd600000, 0x00000006cd600000|
| 183|0x00000006cd700000, 0x00000006cd700000, 0x00000006cd800000|  0%| F|  |TS  0|AC  0|TAMS 0x00000006cd700000, 0x00000006cd700000|
| 184|0x00000006cd800000, 0x00000006cd800000, 0x00000006cd900000|  0%| F|  |TS  0|AC  0|TAMS 0x00000006cd800000, 0x00000006cd800000|
| 185|0x00000006cd900000, 0x00000006cd900000, 0x00000006cda00000|  0%| F|  |TS  0|AC  0|TAMS 0x00000006cd900000, 0x00000006cd900000|
| 186|0x00000006cda00000, 0x00000006cda00000, 0x00000006cdb00000|  0%| F|  |TS  0|AC  0|TAMS 0x00000006cda00000, 0x00000006cda00000|
| 187|0x00000006cdb00000, 0x00000006cdb00000, 0x00000006cdc00000|  0%| F|  |TS  0|AC  0|TAMS 0x00000006cdb00000, 0x00000006cdb00000|
| 188|0x00000006cdc00000, 0x00000006cdc00000, 0x00000006cdd00000|  0%| F|  |TS  0|AC  0|TAMS 0x00000006cdc00000, 0x00000006cdc00000|
| 189|0x00000006cdd00000, 0x00000006cdd00000, 0x00000006cde00000|  0%| F|  |TS  0|AC  0|TAMS 0x00000006cdd00000, 0x00000006cdd00000|
| 190|0x00000006cde00000, 0x00000006cde00000, 0x00000006cdf00000|  0%| F|  |TS  0|AC  0|TAMS 0x00000006cde00000, 0x00000006cde00000|
| 191|0x00000006cdf00000, 0x00000006cdf00000, 0x00000006ce000000|  0%| F|  |TS  0|AC  0|TAMS 0x00000006cdf00000, 0x00000006cdf00000|
| 192|0x00000006ce000000, 0x00000006ce000000, 0x00000006ce100000|  0%| F|  |TS  0|AC  0|TAMS 0x00000006ce000000, 0x00000006ce000000|
| 193|0x00000006ce100000, 0x00000006ce100000, 0x00000006ce200000|  0%| F|  |TS  0|AC  0|TAMS 0x00000006ce100000, 0x00000006ce100000|
| 194|0x00000006ce200000, 0x00000006ce200000, 0x00000006ce300000|  0%| F|  |TS  0|AC  0|TAMS 0x00000006ce200000, 0x00000006ce200000|
| 195|0x00000006ce300000, 0x00000006ce300000, 0x00000006ce400000|  0%| F|  |TS  0|AC  0|TAMS 0x00000006ce300000, 0x00000006ce300000|
| 196|0x00000006ce400000, 0x00000006ce400000, 0x00000006ce500000|  0%| F|  |TS  0|AC  0|TAMS 0x00000006ce400000, 0x00000006ce400000|
| 197|0x00000006ce500000, 0x00000006ce500000, 0x00000006ce600000|  0%| F|  |TS  0|AC  0|TAMS 0x00000006ce500000, 0x00000006ce500000|
| 198|0x00000006ce600000, 0x00000006ce600000, 0x00000006ce700000|  0%| F|  |TS  0|AC  0|TAMS 0x00000006ce600000, 0x00000006ce600000|
| 199|0x00000006ce700000, 0x00000006ce700000, 0x00000006ce800000|  0%| F|  |TS  0|AC  0|TAMS 0x00000006ce700000, 0x00000006ce700000|
| 200|0x00000006ce800000, 0x00000006ce800000, 0x00000006ce900000|  0%| F|  |TS  0|AC  0|TAMS 0x00000006ce800000, 0x00000006ce800000|
| 201|0x00000006ce900000, 0x00000006ce900000, 0x00000006cea00000|  0%| F|  |TS  0|AC  0|TAMS 0x00000006ce900000, 0x00000006ce900000|
| 202|0x00000006cea00000, 0x00000006cea00000, 0x00000006ceb00000|  0%| F|  |TS  0|AC  0|TAMS 0x00000006cea00000, 0x00000006cea00000|
| 203|0x00000006ceb00000, 0x00000006ceb00000, 0x00000006cec00000|  0%| F|  |TS  0|AC  0|TAMS 0x00000006ceb00000, 0x00000006ceb00000|
| 204|0x00000006cec00000, 0x00000006cec00000, 0x00000006ced00000|  0%| F|  |TS  0|AC  0|TAMS 0x00000006cec00000, 0x00000006cec00000|
| 205|0x00000006ced00000, 0x00000006ced00000, 0x00000006cee00000|  0%| F|  |TS  0|AC  0|TAMS 0x00000006ced00000, 0x00000006ced00000|
| 206|0x00000006cee00000, 0x00000006cee00000, 0x00000006cef00000|  0%| F|  |TS  0|AC  0|TAMS 0x00000006cee00000, 0x00000006cee00000|
| 207|0x00000006cef00000, 0x00000006cef00000, 0x00000006cf000000|  0%| F|  |TS  0|AC  0|TAMS 0x00000006cef00000, 0x00000006cef00000|
| 208|0x00000006cf000000, 0x00000006cf000000, 0x00000006cf100000|  0%| F|  |TS  0|AC  0|TAMS 0x00000006cf000000, 0x00000006cf000000|
| 209|0x00000006cf100000, 0x00000006cf100000, 0x00000006cf200000|  0%| F|  |TS  0|AC  0|TAMS 0x00000006cf100000, 0x00000006cf100000|
| 210|0x00000006cf200000, 0x00000006cf200000, 0x00000006cf300000|  0%| F|  |TS  0|AC  0|TAMS 0x00000006cf200000, 0x00000006cf200000|
| 211|0x00000006cf300000, 0x00000006cf300000, 0x00000006cf400000|  0%| F|  |TS  0|AC  0|TAMS 0x00000006cf300000, 0x00000006cf300000|
| 212|0x00000006cf400000, 0x00000006cf400000, 0x00000006cf500000|  0%| F|  |TS  0|AC  0|TAMS 0x00000006cf400000, 0x00000006cf400000|
| 213|0x00000006cf500000, 0x00000006cf500000, 0x00000006cf600000|  0%| F|  |TS  0|AC  0|TAMS 0x00000006cf500000, 0x00000006cf500000|
| 214|0x00000006cf600000, 0x00000006cf600000, 0x00000006cf700000|  0%| F|  |TS  0|AC  0|TAMS 0x00000006cf600000, 0x00000006cf600000|
| 215|0x00000006cf700000, 0x00000006cf700000, 0x00000006cf800000|  0%| F|  |TS  0|AC  0|TAMS 0x00000006cf700000, 0x00000006cf700000|
| 216|0x00000006cf800000, 0x00000006cf800000, 0x00000006cf900000|  0%| F|  |TS  0|AC  0|TAMS 0x00000006cf800000, 0x00000006cf800000|
| 217|0x00000006cf900000, 0x00000006cf900000, 0x00000006cfa00000|  0%| F|  |TS  0|AC  0|TAMS 0x00000006cf900000, 0x00000006cf900000|
| 218|0x00000006cfa00000, 0x00000006cfa00000, 0x00000006cfb00000|  0%| F|  |TS  0|AC  0|TAMS 0x00000006cfa00000, 0x00000006cfa00000|
| 219|0x00000006cfb00000, 0x00000006cfb00000, 0x00000006cfc00000|  0%| F|  |TS  0|AC  0|TAMS 0x00000006cfb00000, 0x00000006cfb00000|
| 220|0x00000006cfc00000, 0x00000006cfc00000, 0x00000006cfd00000|  0%| F|  |TS  0|AC  0|TAMS 0x00000006cfc00000, 0x00000006cfc00000|
| 221|0x00000006cfd00000, 0x00000006cfd00000, 0x00000006cfe00000|  0%| F|  |TS  0|AC  0|TAMS 0x00000006cfd00000, 0x00000006cfd00000|
| 222|0x00000006cfe00000, 0x00000006cfe00000, 0x00000006cff00000|  0%| F|  |TS  0|AC  0|TAMS 0x00000006cfe00000, 0x00000006cfe00000|
| 223|0x00000006cff00000, 0x00000006cff00000, 0x00000006d0000000|  0%| F|  |TS  0|AC  0|TAMS 0x00000006cff00000, 0x00000006cff00000|
| 224|0x00000006d0000000, 0x00000006d0000000, 0x00000006d0100000|  0%| F|  |TS  0|AC  0|TAMS 0x00000006d0000000, 0x00000006d0000000|
| 225|0x00000006d0100000, 0x00000006d0100000, 0x00000006d0200000|  0%| F|  |TS  0|AC  0|TAMS 0x00000006d0100000, 0x00000006d0100000|
| 226|0x00000006d0200000, 0x00000006d0200000, 0x00000006d0300000|  0%| F|  |TS  0|AC  0|TAMS 0x00000006d0200000, 0x00000006d0200000|
| 227|0x00000006d0300000, 0x00000006d0300000, 0x00000006d0400000|  0%| F|  |TS  0|AC  0|TAMS 0x00000006d0300000, 0x00000006d0300000|
| 228|0x00000006d0400000, 0x00000006d0400000, 0x00000006d0500000|  0%| F|  |TS  0|AC  0|TAMS 0x00000006d0400000, 0x00000006d0400000|
| 229|0x00000006d0500000, 0x00000006d0500000, 0x00000006d0600000|  0%| F|  |TS  0|AC  0|TAMS 0x00000006d0500000, 0x00000006d0500000|
| 230|0x00000006d0600000, 0x00000006d0600000, 0x00000006d0700000|  0%| F|  |TS  0|AC  0|TAMS 0x00000006d0600000, 0x00000006d0600000|
| 231|0x00000006d0700000, 0x00000006d0700000, 0x00000006d0800000|  0%| F|  |TS  0|AC  0|TAMS 0x00000006d0700000, 0x00000006d0700000|
| 232|0x00000006d0800000, 0x00000006d0800000, 0x00000006d0900000|  0%| F|  |TS  0|AC  0|TAMS 0x00000006d0800000, 0x00000006d0800000|
| 233|0x00000006d0900000, 0x00000006d0900000, 0x00000006d0a00000|  0%| F|  |TS  0|AC  0|TAMS 0x00000006d0900000, 0x00000006d0900000|
| 234|0x00000006d0a00000, 0x00000006d0a00000, 0x00000006d0b00000|  0%| F|  |TS  0|AC  0|TAMS 0x00000006d0a00000, 0x00000006d0a00000|
| 235|0x00000006d0b00000, 0x00000006d0b00000, 0x00000006d0c00000|  0%| F|  |TS  0|AC  0|TAMS 0x00000006d0b00000, 0x00000006d0b00000|
| 236|0x00000006d0c00000, 0x00000006d0c00000, 0x00000006d0d00000|  0%| F|  |TS  0|AC  0|TAMS 0x00000006d0c00000, 0x00000006d0c00000|
| 237|0x00000006d0d00000, 0x00000006d0d00000, 0x00000006d0e00000|  0%| F|  |TS  0|AC  0|TAMS 0x00000006d0d00000, 0x00000006d0d00000|
| 238|0x00000006d0e00000, 0x00000006d0f00000, 0x00000006d0f00000|100%| E|CS|TS  1|AC  0|TAMS 0x00000006d0e00000, 0x00000006d0f00000|
| 239|0x00000006d0f00000, 0x00000006d1000000, 0x00000006d1000000|100%| E|CS|TS  1|AC  0|TAMS 0x00000006d0f00000, 0x00000006d1000000|
| 240|0x00000006d1000000, 0x00000006d1000000, 0x00000006d1100000|  0%| F|  |TS  1|AC  0|TAMS 0x00000006d1000000, 0x00000006d1000000|
| 241|0x00000006d1100000, 0x00000006d1100000, 0x00000006d1200000|  0%| F|  |TS  1|AC  0|TAMS 0x00000006d1100000, 0x00000006d1100000|
| 242|0x00000006d1200000, 0x00000006d1200000, 0x00000006d1300000|  0%| F|  |TS  1|AC  0|TAMS 0x00000006d1200000, 0x00000006d1200000|
| 243|0x00000006d1300000, 0x00000006d13ed288, 0x00000006d1400000| 92%| S|  |TS  2|AC  0|TAMS 0x00000006d1300000, 0x00000006d1300000|
| 244|0x00000006d1400000, 0x00000006d1500000, 0x00000006d1500000|100%| S|  |TS  2|AC  0|TAMS 0x00000006d1400000, 0x00000006d1400000|
| 245|0x00000006d1500000, 0x00000006d1600000, 0x00000006d1600000|100%| E|CS|TS  1|AC  0|TAMS 0x00000006d1500000, 0x00000006d1600000|
| 246|0x00000006d1600000, 0x00000006d1700000, 0x00000006d1700000|100%| E|CS|TS  1|AC  0|TAMS 0x00000006d1600000, 0x00000006d1700000|
| 247|0x00000006d1700000, 0x00000006d1800000, 0x00000006d1800000|100%| E|CS|TS  1|AC  0|TAMS 0x00000006d1700000, 0x00000006d1800000|
| 248|0x00000006d1800000, 0x00000006d1900000, 0x00000006d1900000|100%| E|CS|TS  1|AC  0|TAMS 0x00000006d1800000, 0x00000006d1900000|
| 249|0x00000006d1900000, 0x00000006d1a00000, 0x00000006d1a00000|100%| E|CS|TS  1|AC  0|TAMS 0x00000006d1900000, 0x00000006d1a00000|
| 250|0x00000006d1a00000, 0x00000006d1b00000, 0x00000006d1b00000|100%| E|CS|TS  1|AC  0|TAMS 0x00000006d1a00000, 0x00000006d1b00000|
| 251|0x00000006d1b00000, 0x00000006d1c00000, 0x00000006d1c00000|100%| E|CS|TS  1|AC  0|TAMS 0x00000006d1b00000, 0x00000006d1c00000|
| 252|0x00000006d1c00000, 0x00000006d1d00000, 0x00000006d1d00000|100%| E|CS|TS  1|AC  0|TAMS 0x00000006d1c00000, 0x00000006d1d00000|
| 253|0x00000006d1d00000, 0x00000006d1e00000, 0x00000006d1e00000|100%| E|CS|TS  1|AC  0|TAMS 0x00000006d1d00000, 0x00000006d1e00000|

Card table byte_map: [0x00000059b7700000,0x00000059b7ef0000] byte_map_base: 0x00000059b40f0000

Marking Bits (Prev, Next): (CMBitMap*) 0x000000599c23e890, (CMBitMap*) 0x000000599c23e8c8
 Prev Bits: [0x00000059b86e0000, 0x00000059bc660000)
 Next Bits: [0x00000059bc660000, 0x00000059c05e0000)

Polling page: 0x000000599a8b0000

CodeHeap 'non-profiled nmethods': size=120064Kb used=643Kb max_used=643Kb free=119420Kb
 bounds [0x00000059aefb0000, 0x00000059af220000, 0x00000059b64f0000]
CodeHeap 'profiled nmethods': size=120000Kb used=2727Kb max_used=2727Kb free=117272Kb
 bounds [0x00000059a7a80000, 0x00000059a7d30000, 0x00000059aefb0000]
CodeHeap 'non-nmethods': size=5696Kb used=1270Kb max_used=1349Kb free=4425Kb
 bounds [0x00000059a74f0000, 0x00000059a7760000, 0x00000059a7a80000]
 total_blobs=2464 nmethods=1476 adapters=576
 compilation: enabled

Compilation events (10 events):
Event: 1.193 Thread 0x00000059c3d1c000 nmethod 1412 0x00000059af04d910 code [0x00000059af04db80, 0x00000059af04f9e0]
Event: 1.194 Thread 0x00000059c3d1c000 1428       4       java.lang.StringBuilder::toString (35 bytes)
Event: 1.194 Thread 0x00000059c3d7b800 1479       2       java.nio.Buffer::nextGetIndex (31 bytes)
Event: 1.194 Thread 0x00000059c3d7b800 nmethod 1479 0x00000059a7d29210 code [0x00000059a7d293e0, 0x00000059a7d295b0]
Event: 1.194 Thread 0x00000059c3d7b800 1480       3       java.nio.Buffer::hasRemaining (17 bytes)
Event: 1.194 Thread 0x00000059c3d7b800 nmethod 1480 0x00000059a7d29690 code [0x00000059a7d29840, 0x00000059a7d299f8]
Event: 1.197 Thread 0x00000059c3d1c000 nmethod 1428 0x00000059af050710 code [0x00000059af0508c0, 0x00000059af050d08]
Event: 1.197 Thread 0x00000059c3d1c000 1413       4       jdk.internal.org.objectweb.asm.ClassWriter::newStringishItem (68 bytes)
Event: 1.204 Thread 0x00000059c3d7b800 1481       3       java.lang.invoke.InfoFromMemberName::getDeclaringClass (8 bytes)
Event: 1.205 Thread 0x00000059c3d7b800 nmethod 1481 0x00000059a7d29a90 code [0x00000059a7d29c40, 0x00000059a7d29db8]

GC Heap History (3 events):
Event: 0.725 GC heap before
{Heap before GC invocations=0 (full 0):
 garbage-first heap   total 260096K, used 14336K [0x00000006c2000000, 0x00000007c0000000)
  region size 1024K, 14 young (14336K), 0 survivors (0K)
 Metaspace       used 14616K, capacity 15015K, committed 15360K, reserved 1062912K
  class space    used 1563K, capacity 1732K, committed 1792K, reserved 1048576K
}
Event: 0.729 GC heap after
{Heap after GC invocations=1 (full 0):
 garbage-first heap   total 260096K, used 4114K [0x00000006c2000000, 0x00000007c0000000)
  region size 1024K, 2 young (2048K), 2 survivors (2048K)
 Metaspace       used 14616K, capacity 15015K, committed 15360K, reserved 1062912K
  class space    used 1563K, capacity 1732K, committed 1792K, reserved 1048576K
}
Event: 1.208 GC heap before
{Heap before GC invocations=1 (full 0):
 garbage-first heap   total 260096K, used 12306K [0x00000006c2000000, 0x00000007c0000000)
  region size 1024K, 11 young (11264K), 2 survivors (2048K)
 Metaspace       used 20558K, capacity 21174K, committed 21296K, reserved 1067008K
  class space    used 2586K, capacity 2857K, committed 2864K, reserved 1048576K
}

Deoptimization events (10 events):
Event: 0.941 Thread 0x00000059c4b74000 Uncommon trap: reason=unstable_if action=reinterpret pc=0x00000059af019f4c method=java.util.HashMap.hash(Ljava/lang/Object;)I @ 1 c2
Event: 0.964 Thread 0x00000059c4b74000 Uncommon trap: reason=unstable_if action=reinterpret pc=0x00000059aefceed4 method=java.lang.StringLatin1.canEncode(I)Z @ 4 c2
Event: 0.991 Thread 0x00000059c4b74000 Uncommon trap: reason=unstable_if action=reinterpret pc=0x00000059af01f3f8 method=java.util.Arrays.equals([Ljava/lang/Object;[Ljava/lang/Object;)Z @ 23 c2
Event: 0.998 Thread 0x00000059c4b74000 Uncommon trap: reason=unstable_if action=reinterpret pc=0x00000059af002f3c method=java.nio.Buffer.position(I)Ljava/nio/Buffer; @ 45 c2
Event: 1.108 Thread 0x00000059c4b74000 Uncommon trap: reason=class_check action=maybe_recompile pc=0x00000059aefb7a64 method=java.lang.String.equals(Ljava/lang/Object;)Z @ 8 c2
Event: 1.108 Thread 0x00000059c4b74000 Uncommon trap: reason=class_check action=maybe_recompile pc=0x00000059aefb7a64 method=java.lang.String.equals(Ljava/lang/Object;)Z @ 8 c2
Event: 1.109 Thread 0x00000059c4b74000 Uncommon trap: reason=class_check action=maybe_recompile pc=0x00000059aefb7a64 method=java.lang.String.equals(Ljava/lang/Object;)Z @ 8 c2
Event: 1.109 Thread 0x00000059c4b74000 Uncommon trap: reason=class_check action=maybe_recompile pc=0x00000059aefb7a64 method=java.lang.String.equals(Ljava/lang/Object;)Z @ 8 c2
Event: 1.184 Thread 0x00000059c4b74000 Uncommon trap: reason=null_check action=make_not_entrant pc=0x00000059af034240 method=javafx.scene.Node.getParent()Ljavafx/scene/Parent; @ 18 c2
Event: 1.194 Thread 0x00000059c4b74000 Uncommon trap: reason=unstable_if action=reinterpret pc=0x00000059aeff6c8c method=java.lang.StringUTF16.compress([CI[BII)I @ 20 c2

Classes redefined (0 events):
No events

Internal exceptions (10 events):
Event: 0.765 Thread 0x00000059c4b74000 Exception <a 'java/lang/NoSuchMethodError'{0x00000006d1c85000}: java.lang.Object.of([Ljava/lang/Object;)Ljava/util/stream/Stream;> (0x00000006d1c85000) thrown at [t:/workspace/open/src/hotspot/share/interpreter/linkResolver.cpp, line 741]
Event: 0.885 Thread 0x00000059c4b74000 Exception <a 'java/lang/NoSuchMethodError'{0x00000006d1ae8420}: java.lang.invoke.DirectMethodHandle$Holder.invokeSpecial(Ljava/lang/Object;Ljava/lang/Object;Ljava/lang/Object;Ljava/lang/Object;Ljava/lang/Object;Ljava/lang/Object;)V> (0x00000006d1ae8420) t
Event: 0.940 Thread 0x00000059c4b74000 Implicit null exception at 0x00000059af01909e to 0x00000059af019f32
Event: 1.057 Thread 0x00000059c4b74000 Exception <a 'java/lang/NoSuchMethodError'{0x00000006d18318b0}: method resolution failed> (0x00000006d18318b0) thrown at [t:/workspace/open/src/hotspot/share/prims/methodHandles.cpp, line 1226]
Event: 1.136 Thread 0x00000059c4b74000 Exception <a 'java/lang/NoSuchMethodError'{0x00000006d17a7e20}: java.lang.invoke.DirectMethodHandle$Holder.invokeInterface(Ljava/lang/Object;Ljava/lang/Object;Ljava/lang/Object;)Ljava/lang/Object;> (0x00000006d17a7e20) thrown at [t:/workspace/open/src/hot
Event: 1.136 Thread 0x00000059c4b74000 Exception <a 'java/lang/IncompatibleClassChangeError'{0x00000006d17ab258}: Found class java.lang.Object, but interface was expected> (0x00000006d17ab258) thrown at [t:/workspace/open/src/hotspot/share/interpreter/linkResolver.cpp, line 807]
Event: 1.152 Thread 0x00000059c4b74000 Exception <a 'java/lang/ClassNotFoundException'{0x00000006d17fcf30}: com/sun/javafx/scene/control/skin/resources/controls> (0x00000006d17fcf30) thrown at [t:/workspace/open/src/hotspot/share/prims/jni.cpp, line 632]
Event: 1.153 Thread 0x00000059c4b74000 Exception <a 'java/lang/ClassNotFoundException'{0x00000006d160c1c8}: com/sun/javafx/scene/control/skin/resources/controls_ru> (0x00000006d160c1c8) thrown at [t:/workspace/open/src/hotspot/share/prims/jni.cpp, line 632]
Event: 1.153 Thread 0x00000059c4b74000 Exception <a 'java/lang/ClassNotFoundException'{0x00000006d160d710}: com/sun/javafx/scene/control/skin/resources/controls_ru_RU> (0x00000006d160d710) thrown at [t:/workspace/open/src/hotspot/share/prims/jni.cpp, line 632]
Event: 1.184 Thread 0x00000059c4b74000 Implicit null exception at 0x00000059af0341e9 to 0x00000059af034236

Events (10 events):
Event: 1.194 Thread 0x00000059c4b74000 DEOPT PACKING pc=0x00000059aeff6c8c sp=0x00000059c6c3ad60
Event: 1.194 Thread 0x00000059c4b74000 DEOPT UNPACKING pc=0x00000059a7518aaf sp=0x00000059c6c3ace0 mode 2
Event: 1.194 loading class java/io/RandomAccessFile$1
Event: 1.194 loading class java/io/RandomAccessFile$1 done
Event: 1.202 Thread 0x00000059c635b800 Thread added: 0x00000059c635b800
Event: 1.204 loading class javafx/beans/Observable
Event: 1.204 loading class javafx/beans/Observable done
Event: 1.204 loading class javafx/scene/control/skin/TextFieldSkin
Event: 1.204 loading class javafx/scene/control/skin/TextFieldSkin done
Event: 1.208 Executing VM operation: CollectForMetadataAllocation


Dynamic libraries:
0x00007ff743fb0000 - 0x00007ff743fee000 	C:\Program Files\Java\jdk-10\bin\java.exe
0x00007ffc8bf10000 - 0x00007ffc8c0bd000 	C:\Windows\SYSTEM32\ntdll.dll
0x00007ffc89710000 - 0x00007ffc8984e000 	C:\Windows\system32\KERNEL32.DLL
0x00007ffc89480000 - 0x00007ffc89596000 	C:\Windows\system32\KERNELBASE.dll
0x00007ffc89b70000 - 0x00007ffc89c1a000 	C:\Windows\system32\ADVAPI32.dll
0x00007ffc89c20000 - 0x00007ffc89d97000 	C:\Windows\system32\USER32.dll
0x00007ffc87150000 - 0x00007ffc873cb000 	C:\Windows\WinSxS\amd64_microsoft.windows.common-controls_6595b64144ccf1df_6.0.9600.18006_none_623f33d3ecbe86e8\COMCTL32.dll
0x00007ffc80fc0000 - 0x00007ffc80fca000 	C:\Windows\SYSTEM32\VERSION.dll
0x00007ffc89f40000 - 0x00007ffc89fea000 	C:\Windows\system32\msvcrt.dll
0x00007ffc89ff0000 - 0x00007ffc8a049000 	C:\Windows\SYSTEM32\sechost.dll
0x00007ffc89a30000 - 0x00007ffc89b70000 	C:\Windows\system32\RPCRT4.dll
0x00007ffc8a890000 - 0x00007ffc8a9db000 	C:\Windows\system32\GDI32.dll
0x00007ffc89110000 - 0x00007ffc8913e000 	C:\Windows\system32\SspiCli.dll
0x00007ffc8a3c0000 - 0x00007ffc8a3f6000 	C:\Windows\system32\IMM32.DLL
0x00007ffc89860000 - 0x00007ffc899b1000 	C:\Windows\system32\MSCTF.dll
0x00007ffc61610000 - 0x00007ffc616ff000 	C:\Program Files\Java\jdk-10\bin\msvcr120.dll
0x00007ffc67f30000 - 0x00007ffc67fd6000 	C:\Program Files\Java\jdk-10\bin\msvcp120.dll
0x0000000077590000 - 0x0000000077fff000 	C:\Program Files\Java\jdk-10\bin\server\jvm.dll
0x00007ffc81e00000 - 0x00007ffc81e09000 	C:\Windows\SYSTEM32\WSOCK32.dll
0x00007ffc80480000 - 0x00007ffc804a2000 	C:\Windows\SYSTEM32\WINMM.dll
0x00007ffc896d0000 - 0x00007ffc896d7000 	C:\Windows\system32\PSAPI.DLL
0x00007ffc899c0000 - 0x00007ffc89a1a000 	C:\Windows\system32\WS2_32.dll
0x00007ffc803f0000 - 0x00007ffc8041a000 	C:\Windows\SYSTEM32\WINMMBASE.dll
0x00007ffc89700000 - 0x00007ffc89709000 	C:\Windows\system32\NSI.dll
0x00007ffc89140000 - 0x00007ffc8918f000 	C:\Windows\SYSTEM32\cfgmgr32.dll
0x00007ffc87e60000 - 0x00007ffc87e88000 	C:\Windows\SYSTEM32\DEVOBJ.dll
0x00007ffc80d40000 - 0x00007ffc80d4f000 	C:\Program Files\Java\jdk-10\bin\verify.dll
0x00007ffc80fd0000 - 0x00007ffc81159000 	C:\Windows\SYSTEM32\DBGHELP.DLL
0x00007ffc721e0000 - 0x00007ffc72207000 	C:\Program Files\Java\jdk-10\bin\java.dll
0x00007ffc6a030000 - 0x00007ffc6a05a000 	C:\Program Files\Java\jdk-10\bin\instrument.dll
0x00007ffc7c030000 - 0x00007ffc7c046000 	C:\Program Files\Java\jdk-10\bin\zip.dll
0x00007ffc80180000 - 0x00007ffc8018a000 	C:\Program Files\Java\jdk-10\bin\jimage.dll
0x00007ffc8a9e0000 - 0x00007ffc8bf0c000 	C:\Windows\system32\SHELL32.dll
0x00007ffc8a4c0000 - 0x00007ffc8a6d2000 	C:\Windows\SYSTEM32\combase.dll
0x00007ffc8a230000 - 0x00007ffc8a284000 	C:\Windows\system32\SHLWAPI.dll
0x00007ffc875d0000 - 0x00007ffc87682000 	C:\Windows\SYSTEM32\SHCORE.dll
0x00007ffc89040000 - 0x00007ffc89055000 	C:\Windows\SYSTEM32\profapi.dll
0x00007ffc7bd90000 - 0x00007ffc7bdaa000 	C:\Program Files\Java\jdk-10\bin\net.dll
0x00007ffc81c20000 - 0x00007ffc81ce7000 	C:\Windows\SYSTEM32\WINHTTP.dll
0x00007ffc888d0000 - 0x00007ffc88929000 	C:\Windows\system32\mswsock.dll
0x00007ffc764f0000 - 0x00007ffc76501000 	C:\Program Files\Java\jdk-10\bin\nio.dll
0x00007ffc69db0000 - 0x00007ffc69dca000 	C:\Program Files\JetBrains\IntelliJ IDEA Community Edition 2018.1.2\bin\breakgen64.dll
0x00007ffc6ead0000 - 0x00007ffc6ead3000 	C:\Program Files\Java\jdk-10\bin\api-ms-win-core-console-l1-1-0.dll
0x00007ffc6df00000 - 0x00007ffc6df03000 	C:\Program Files\Java\jdk-10\bin\api-ms-win-core-datetime-l1-1-0.dll
0x00007ffc6de10000 - 0x00007ffc6de13000 	C:\Program Files\Java\jdk-10\bin\api-ms-win-core-debug-l1-1-0.dll
0x00007ffc6b160000 - 0x00007ffc6b163000 	C:\Program Files\Java\jdk-10\bin\api-ms-win-core-errorhandling-l1-1-0.dll
0x00007ffc6a380000 - 0x00007ffc6a384000 	C:\Program Files\Java\jdk-10\bin\api-ms-win-core-file-l1-1-0.dll
0x00007ffc69da0000 - 0x00007ffc69da3000 	C:\Program Files\Java\jdk-10\bin\api-ms-win-core-file-l1-2-0.dll
0x00007ffc69d90000 - 0x00007ffc69d93000 	C:\Program Files\Java\jdk-10\bin\api-ms-win-core-file-l2-1-0.dll
0x00007ffc67c60000 - 0x00007ffc67c63000 	C:\Program Files\Java\jdk-10\bin\api-ms-win-core-handle-l1-1-0.dll
0x00007ffc67940000 - 0x00007ffc67943000 	C:\Program Files\Java\jdk-10\bin\api-ms-win-core-heap-l1-1-0.dll
0x00007ffc62690000 - 0x00007ffc62693000 	C:\Program Files\Java\jdk-10\bin\api-ms-win-core-interlocked-l1-1-0.dll
0x00007ffc62150000 - 0x00007ffc62153000 	C:\Program Files\Java\jdk-10\bin\api-ms-win-core-libraryloader-l1-1-0.dll
0x00007ffc62140000 - 0x00007ffc62143000 	C:\Program Files\Java\jdk-10\bin\api-ms-win-core-localization-l1-2-0.dll
0x00007ffc619d0000 - 0x00007ffc619d3000 	C:\Program Files\Java\jdk-10\bin\api-ms-win-core-memory-l1-1-0.dll
0x00007ffc61600000 - 0x00007ffc61603000 	C:\Program Files\Java\jdk-10\bin\api-ms-win-core-namedpipe-l1-1-0.dll
0x00007ffc615f0000 - 0x00007ffc615f3000 	C:\Program Files\Java\jdk-10\bin\api-ms-win-core-processenvironment-l1-1-0.dll
0x00007ffc615e0000 - 0x00007ffc615e3000 	C:\Program Files\Java\jdk-10\bin\api-ms-win-core-processthreads-l1-1-0.dll
0x00007ffc615d0000 - 0x00007ffc615d3000 	C:\Program Files\Java\jdk-10\bin\api-ms-win-core-processthreads-l1-1-1.dll
0x00007ffc615c0000 - 0x00007ffc615c3000 	C:\Program Files\Java\jdk-10\bin\api-ms-win-core-profile-l1-1-0.dll
0x00007ffc615b0000 - 0x00007ffc615b3000 	C:\Program Files\Java\jdk-10\bin\api-ms-win-core-rtlsupport-l1-1-0.dll
0x00007ffc615a0000 - 0x00007ffc615a3000 	C:\Program Files\Java\jdk-10\bin\api-ms-win-core-string-l1-1-0.dll
0x00007ffc61590000 - 0x00007ffc61593000 	C:\Program Files\Java\jdk-10\bin\api-ms-win-core-synch-l1-1-0.dll
0x00007ffc61580000 - 0x00007ffc61583000 	C:\Program Files\Java\jdk-10\bin\api-ms-win-core-synch-l1-2-0.dll
0x00007ffc61440000 - 0x00007ffc61443000 	C:\Program Files\Java\jdk-10\bin\api-ms-win-core-sysinfo-l1-1-0.dll
0x00007ffc61430000 - 0x00007ffc61433000 	C:\Program Files\Java\jdk-10\bin\api-ms-win-core-timezone-l1-1-0.dll
0x00007ffc61420000 - 0x00007ffc61423000 	C:\Program Files\Java\jdk-10\bin\api-ms-win-core-util-l1-1-0.dll
0x00007ffc5f490000 - 0x00007ffc5f493000 	C:\Program Files\Java\jdk-10\bin\api-ms-win-crt-conio-l1-1-0.dll
0x00007ffc5f480000 - 0x00007ffc5f484000 	C:\Program Files\Java\jdk-10\bin\api-ms-win-crt-convert-l1-1-0.dll
0x00007ffc5f3d0000 - 0x00007ffc5f3d3000 	C:\Program Files\Java\jdk-10\bin\api-ms-win-crt-environment-l1-1-0.dll
0x00007ffc5f320000 - 0x00007ffc5f323000 	C:\Program Files\Java\jdk-10\bin\api-ms-win-crt-filesystem-l1-1-0.dll
0x00007ffc5f310000 - 0x00007ffc5f313000 	C:\Program Files\Java\jdk-10\bin\api-ms-win-crt-heap-l1-1-0.dll
0x00007ffc5eee0000 - 0x00007ffc5eee3000 	C:\Program Files\Java\jdk-10\bin\api-ms-win-crt-locale-l1-1-0.dll
0x00007ffc5eed0000 - 0x00007ffc5eed5000 	C:\Program Files\Java\jdk-10\bin\api-ms-win-crt-math-l1-1-0.dll
0x00007ffc5eec0000 - 0x00007ffc5eec5000 	C:\Program Files\Java\jdk-10\bin\api-ms-win-crt-multibyte-l1-1-0.dll
0x00007ffc5eeb0000 - 0x00007ffc5eec0000 	C:\Program Files\Java\jdk-10\bin\api-ms-win-crt-private-l1-1-0.dll
0x00007ffc5eea0000 - 0x00007ffc5eea3000 	C:\Program Files\Java\jdk-10\bin\api-ms-win-crt-process-l1-1-0.dll
0x00007ffc5ee90000 - 0x00007ffc5ee94000 	C:\Program Files\Java\jdk-10\bin\api-ms-win-crt-runtime-l1-1-0.dll
0x00007ffc5ee80000 - 0x00007ffc5ee84000 	C:\Program Files\Java\jdk-10\bin\api-ms-win-crt-stdio-l1-1-0.dll
0x00007ffc5ee70000 - 0x00007ffc5ee74000 	C:\Program Files\Java\jdk-10\bin\api-ms-win-crt-string-l1-1-0.dll
0x00007ffc5ee60000 - 0x00007ffc5ee63000 	C:\Program Files\Java\jdk-10\bin\api-ms-win-crt-time-l1-1-0.dll
0x00007ffc5ee50000 - 0x00007ffc5ee53000 	C:\Program Files\Java\jdk-10\bin\api-ms-win-crt-utility-l1-1-0.dll
0x00007ffc5de30000 - 0x00007ffc5df26000 	C:\Program Files\Java\jdk-10\bin\ucrtbase.dll
0x00007ffc5ee30000 - 0x00007ffc5ee46000 	C:\Program Files\Java\jdk-10\bin\vcruntime140.dll
0x00007ffc5e200000 - 0x00007ffc5e29c000 	C:\Program Files\Java\jdk-10\bin\msvcp140.dll
0x00007ffc5eca0000 - 0x00007ffc5ecf1000 	C:\Program Files\Java\jdk-10\bin\concrt140.dll
0x00007ffc5ee00000 - 0x00007ffc5ee23000 	C:\Program Files\Java\jdk-10\bin\prism_d3d.dll
0x00007ffc6e1f0000 - 0x00007ffc6e411000 	C:\Windows\system32\d3d9.dll
0x00007ffc873d0000 - 0x00007ffc873f1000 	C:\Windows\SYSTEM32\dwmapi.dll
0x00007ffc87cd0000 - 0x00007ffc87df9000 	C:\Windows\system32\uxtheme.dll
0x00007ffc59cb0000 - 0x00007ffc5b457000 	C:\Windows\SYSTEM32\igdumdim64.dll
0x00007ffc5dde0000 - 0x00007ffc5de2a000 	C:\Program Files\Java\jdk-10\bin\glass.dll
0x00007ffc8a300000 - 0x00007ffc8a3b6000 	C:\Windows\system32\COMDLG32.dll
0x00007ffc89da0000 - 0x00007ffc89f34000 	C:\Windows\system32\ole32.dll
0x00007ffc895a0000 - 0x00007ffc89666000 	C:\Windows\system32\OLEAUT32.dll
0x00007ffc72470000 - 0x00007ffc72493000 	C:\Program Files (x86)\Yandex\Punto Switcher\PSHook64.dll
0x00007ffc87e50000 - 0x00007ffc87e5b000 	C:\Windows\SYSTEM32\kernel.appcore.dll
0x00007ffc88f10000 - 0x00007ffc88f1b000 	C:\Windows\SYSTEM32\CRYPTBASE.dll
0x00007ffc88ea0000 - 0x00007ffc88f03000 	C:\Windows\SYSTEM32\bcryptPrimitives.dll
0x00007ffc85030000 - 0x00007ffc85a14000 	C:\Windows\SYSTEM32\igdusc64.dll
0x00007ffc5ea10000 - 0x00007ffc5ea24000 	C:\Program Files\Java\jdk-10\bin\javafx_font.dll
0x00007ffc5c5c0000 - 0x00007ffc5c75b000 	C:\Program Files\Java\jdk-10\bin\awt.dll
0x00007ffc83d80000 - 0x00007ffc84201000 	C:\Windows\SYSTEM32\d2d1.dll
0x00007ffc87c00000 - 0x00007ffc87c8e000 	C:\Windows\system32\apphelp.dll
0x00007ffc5c550000 - 0x00007ffc5c5b5000 	C:\Program Files\Java\jdk-10\bin\fontmanager.dll
0x00007ffc85b60000 - 0x00007ffc85d4a000 	C:\Windows\SYSTEM32\dwrite.dll
0x00007ffc8a400000 - 0x00007ffc8a4b6000 	C:\Windows\SYSTEM32\clbcatq.dll
0x00007ffc86ef0000 - 0x00007ffc8709e000 	C:\Windows\SYSTEM32\WindowsCodecs.dll
0x00007ffc88930000 - 0x00007ffc88950000 	C:\Windows\SYSTEM32\CRYPTSP.dll
0x00007ffc884f0000 - 0x00007ffc88526000 	C:\Windows\system32\rsaenh.dll
0x00007ffc88b80000 - 0x00007ffc88ba6000 	C:\Windows\SYSTEM32\bcrypt.dll
0x00007ffc5c520000 - 0x00007ffc5c54e000 	C:\Program Files\Common Files\Microsoft Shared\Ink\rtscom.dll

dbghelp: loaded successfully - version: 4.0.5 - missing functions: none
symbol engine: initialized successfully - sym options: 0x614 - pdb path: .;C:\Program Files\Java\jdk-10\bin;C:\Windows\SYSTEM32;C:\Windows\WinSxS\amd64_microsoft.windows.common-controls_6595b64144ccf1df_6.0.9600.18006_none_623f33d3ecbe86e8;C:\Program Files\Java\jdk-10\bin\server;C:\Program Files\JetBrains\IntelliJ IDEA Community Edition 2018.1.2\bin;C:\Program Files (x86)\Yandex\Punto Switcher;C:\Program Files\Common Files\Microsoft Shared\Ink

VM Arguments:
jvm_args: -javaagent:C:\Program Files\JetBrains\IntelliJ IDEA Community Edition 2018.1.2\lib\idea_rt.jar=7748:C:\Program Files\JetBrains\IntelliJ IDEA Community Edition 2018.1.2\bin -Dfile.encoding=UTF-8 
java_command: sample.Main
java_class_path (initial): C:\Users\vencedor\IdeaProjects\CalcGraph\out\production\CalcGraph
Launcher Type: SUN_STANDARD

Logging:
Log output configuration:
#0: stdout all=warning uptime,level,tags
#1: stderr all=off uptime,level,tags

Environment Variables:
CLASSPATH=.;.;C:\PROGRA~2\JMF21~1.1E\lib\sound.jar;C:\PROGRA~2\JMF21~1.1E\lib\jmf.jar;C:\PROGRA~2\JMF21~1.1E\lib;
PATH=C:\Program Files (x86)\Common Files\Oracle\Java\javapath;C:\ProgramData\Oracle\Java\javapath;C:\Windows\system32;C:\Windows;C:\Windows\System32\Wbem;C:\Windows\System32\WindowsPowerShell\v1.0\;C:\Program Files (x86)\GtkSharp\2.12\bin;C:\Program Files (x86)\Skype\Phone\;C:\Program Files\Microsoft Windows Performance Toolkit\;C:\Program Files\Git\cmd;C:\adb;C:\Program Files (x86)\Brackets\command;C:\Program Files\dotnet\
USERNAME=vencedor
OS=Windows_NT
PROCESSOR_IDENTIFIER=Intel64 Family 6 Model 60 Stepping 3, GenuineIntel



---------------  S Y S T E M  ---------------

OS: Windows 8.1 , 64 bit Build 9600 (6.3.9600.17415)

CPU:total 4 (initial active 4) (4 cores per cpu, 1 threads per core) family 6 model 60 stepping 3, cmov, cx8, fxsr, mmx, sse, sse2, sse3, ssse3, sse4.1, sse4.2, popcnt, avx, avx2, aes, clmul, erms, lzcnt, tsc, tscinvbit, bmi1, bmi2, fma

Memory: 4k page, physical 16643608k(6407044k free), swap 19888036k(4616356k free)

vm_info: Java HotSpot(TM) 64-Bit Server VM (10+46) for windows-amd64 JRE (10+46), built on Mar  8 2018 02:11:18 by "mach5one" with MS VC++ 12.0 (VS2013)

END.
